<?xml version="1.0" encoding="UTF-8"?>
<!-- Generated by org.testng.reporters.JUnitXMLReporter -->
<testsuite hostname="DESKTOP-OQEVBDR" ignored="1" name="Test2" tests="1" failures="0" timestamp="08 Apr 2020 18:00:25 GMT" time="14.388" errors="0">
  <testcase name="validLogin" time="2.736" classname="com.actitime.scripts.LoginTest"/>
  <testcase name="invalidLogin" time="0.0" classname="com.actitime.scripts.LoginTest">
    <ignored/>
  </testcase> <!-- invalidLogin -->
</testsuite> <!-- Test2 -->
